<?xml version="1.0" encoding="UTF-8"?>
<testsuite name="TDDT.LogikTest" tests="6" skipped="0" failures="0" errors="0" timestamp="2016-07-13T08:19:07" hostname="DESKTOP-2G1EFOH" time="0.465">
  <properties/>
  <testcase name="einFehlschlagenderTest" classname="TDDT.LogikTest" time="0.348"/>
  <testcase name="keinFehlschlagenderTest" classname="TDDT.LogikTest" time="0.028"/>
  <testcase name="einFehlschlagenderTestFunktTesten" classname="TDDT.LogikTest" time="0.014"/>
  <testcase name="klassenCompilieren" classname="TDDT.LogikTest" time="0.036"/>
  <testcase name="mehrereFehlschlagendeTests" classname="TDDT.LogikTest" time="0.026"/>
  <testcase name="klassenCompilierenNicht" classname="TDDT.LogikTest" time="0.013"/>
  <system-out><![CDATA[1
0
1
Ergebnis: false
2
Ergebnis: true
]]></system-out>
  <system-err><![CDATA[]]></system-err>
</testsuite>
